[     997ms] [ERROR] Failed to load resource: the server responded with a status of 404 (File not found) @ http://localhost:8765/products/005_1.jpg:0
[    1001ms] [ERROR] Failed to load resource: the server responded with a status of 404 (File not found) @ http://localhost:8765/products/006_1.jpg:0
[    1001ms] [ERROR] Failed to load resource: the server responded with a status of 404 (File not found) @ http://localhost:8765/products/005_2.jpg:0
[    1001ms] [ERROR] Failed to load resource: the server responded with a status of 404 (File not found) @ http://localhost:8765/products/006_2.jpg:0
[    1002ms] [ERROR] Failed to load resource: the server responded with a status of 404 (File not found) @ http://localhost:8765/products/007_1.jpg:0
[    1002ms] [ERROR] Failed to load resource: the server responded with a status of 404 (File not found) @ http://localhost:8765/products/007_2.jpg:0
[    1020ms] Invalid or unexpected token
[    1020ms] Invalid or unexpected token
[    1020ms] Invalid or unexpected token
[    1020ms] Invalid or unexpected token
[    1021ms] Invalid or unexpected token
[    1021ms] Invalid or unexpected token
[    1025ms] [ERROR] Failed to load resource: the server responded with a status of 404 (File not found) @ http://localhost:8765/favicon.ico:0
[   70375ms] [ERROR] Failed to load resource: the server responded with a status of 404 (File not found) @ http://localhost:8765/products/005_1.jpg:0
[   70389ms] [ERROR] Failed to load resource: the server responded with a status of 404 (File not found) @ http://localhost:8765/products/005_2.jpg:0
[   70399ms] Invalid or unexpected token
[   70465ms] [ERROR] Failed to load resource: the server responded with a status of 404 (File not found) @ http://localhost:8765/products/006_1.jpg:0
[   70465ms] [ERROR] Failed to load resource: the server responded with a status of 404 (File not found) @ http://localhost:8765/products/006_2.jpg:0
[   70465ms] [ERROR] Failed to load resource: the server responded with a status of 404 (File not found) @ http://localhost:8765/products/007_1.jpg:0
[   70466ms] [ERROR] Failed to load resource: the server responded with a status of 404 (File not found) @ http://localhost:8765/products/007_2.jpg:0
[   70469ms] Invalid or unexpected token
[   70471ms] Invalid or unexpected token
[   70472ms] Invalid or unexpected token
[   70472ms] Invalid or unexpected token
[   70472ms] Invalid or unexpected token
[   70510ms] [ERROR] Failed to load resource: the server responded with a status of 404 (File not found) @ http://localhost:8765/favicon.ico:0
[   79994ms] [ERROR] Failed to load resource: the server responded with a status of 404 (File not found) @ http://localhost:8765/products/005_1.jpg:0
[   79995ms] [ERROR] Failed to load resource: the server responded with a status of 404 (File not found) @ http://localhost:8765/products/006_1.jpg:0
[   79995ms] [ERROR] Failed to load resource: the server responded with a status of 404 (File not found) @ http://localhost:8765/products/006_2.jpg:0
[   79996ms] [ERROR] Failed to load resource: the server responded with a status of 404 (File not found) @ http://localhost:8765/products/005_2.jpg:0
[   79996ms] [ERROR] Failed to load resource: the server responded with a status of 404 (File not found) @ http://localhost:8765/products/007_2.jpg:0
[   79997ms] [ERROR] Failed to load resource: the server responded with a status of 404 (File not found) @ http://localhost:8765/products/007_1.jpg:0
[   80004ms] Invalid or unexpected token
[   80005ms] Invalid or unexpected token
[   80005ms] Invalid or unexpected token
[   80005ms] Invalid or unexpected token
[   80006ms] Invalid or unexpected token
[   80006ms] Invalid or unexpected token
[  226796ms] [ERROR] Failed to load resource: the server responded with a status of 404 (File not found) @ http://localhost:8765/products/005_1.jpg:0
[  226798ms] [ERROR] Failed to load resource: the server responded with a status of 404 (File not found) @ http://localhost:8765/products/005_2.jpg:0
[  226801ms] [ERROR] Failed to load resource: the server responded with a status of 404 (File not found) @ http://localhost:8765/products/006_1.jpg:0
[  226803ms] [ERROR] Failed to load resource: the server responded with a status of 404 (File not found) @ http://localhost:8765/products/007_1.jpg:0
[  226804ms] [ERROR] Failed to load resource: the server responded with a status of 404 (File not found) @ http://localhost:8765/products/006_2.jpg:0
[  226804ms] [ERROR] Failed to load resource: the server responded with a status of 404 (File not found) @ http://localhost:8765/products/007_2.jpg:0
[  226821ms] Invalid or unexpected token
[  226822ms] Invalid or unexpected token
[  226823ms] Invalid or unexpected token
[  226823ms] Invalid or unexpected token
[  226823ms] Invalid or unexpected token
[  226823ms] Invalid or unexpected token
